[2020-08-18 14:04:12] [[31merror[39m] RangeError [EMBED_FIELD_VALUE]: MessageEmbed field values may not be empty.
    at Function.normalizeField (E:\Code\DiscordBot\node_modules\discord.js\src\structures\MessageEmbed.js:425:23)
    at E:\Code\DiscordBot\node_modules\discord.js\src\structures\MessageEmbed.js:445:14
    at Array.map (<anonymous>)
    at Function.normalizeFields (E:\Code\DiscordBot\node_modules\discord.js\src\structures\MessageEmbed.js:444:8)
    at MessageEmbed.addFields (E:\Code\DiscordBot\node_modules\discord.js\src\structures\MessageEmbed.js:259:42)
    at E:\Code\DiscordBot\commands\Economy\transfer.js:34:8
    at processTicksAndRejections (internal/process/task_queues.js:97:5)
[2020-08-18 14:05:06] [[31merror[39m] RangeError [EMBED_FIELD_VALUE]: MessageEmbed field values may not be empty.
    at Function.normalizeField (E:\Code\DiscordBot\node_modules\discord.js\src\structures\MessageEmbed.js:425:23)
    at E:\Code\DiscordBot\node_modules\discord.js\src\structures\MessageEmbed.js:445:14
    at Array.map (<anonymous>)
    at Function.normalizeFields (E:\Code\DiscordBot\node_modules\discord.js\src\structures\MessageEmbed.js:444:8)
    at MessageEmbed.addFields (E:\Code\DiscordBot\node_modules\discord.js\src\structures\MessageEmbed.js:259:42)
    at E:\Code\DiscordBot\commands\Economy\transfer.js:35:8
    at processTicksAndRejections (internal/process/task_queues.js:97:5)
[2020-08-18 14:44:05] [[31merror[39m] ReferenceError: channel is not defined
    at Object.execute (E:\Code\DiscordBot\commands\General\someone.js:8:15)
    at module.exports (E:\Code\DiscordBot\events\message.js:22:11)
    at Client.<anonymous> (E:\Code\DiscordBot\bot.js:23:36)
    at Client.emit (events.js:310:20)
    at MessageCreateAction.handle (E:\Code\DiscordBot\node_modules\discord.js\src\client\actions\MessageCreate.js:31:14)
    at Object.module.exports [as MESSAGE_CREATE] (E:\Code\DiscordBot\node_modules\discord.js\src\client\websocket\handlers\MESSAGE_CREATE.js:4:32)
    at WebSocketManager.handlePacket (E:\Code\DiscordBot\node_modules\discord.js\src\client\websocket\WebSocketManager.js:386:31)
    at WebSocketShard.onPacket (E:\Code\DiscordBot\node_modules\discord.js\src\client\websocket\WebSocketShard.js:436:22)
    at WebSocketShard.onMessage (E:\Code\DiscordBot\node_modules\discord.js\src\client\websocket\WebSocketShard.js:293:10)
    at WebSocket.onMessage (E:\Code\DiscordBot\node_modules\ws\lib\event-target.js:120:16)
    at WebSocket.emit (events.js:310:20)
    at Receiver.receiverOnMessage (E:\Code\DiscordBot\node_modules\ws\lib\websocket.js:800:20)
    at Receiver.emit (events.js:310:20)
    at Receiver.dataMessage (E:\Code\DiscordBot\node_modules\ws\lib\receiver.js:436:14)
    at Receiver.getData (E:\Code\DiscordBot\node_modules\ws\lib\receiver.js:366:17)
    at Receiver.startLoop (E:\Code\DiscordBot\node_modules\ws\lib\receiver.js:142:22)
[2020-08-18 15:09:11] [[31merror[39m] TypeError: Cannot read property 'id' of null
    at Object.execute (E:\Code\DiscordBot\commands\General\help.js:14:68)
    at module.exports (E:\Code\DiscordBot\events\message.js:28:11)
    at Client.<anonymous> (E:\Code\DiscordBot\bot.js:23:36)
    at Client.emit (events.js:310:20)
    at MessageCreateAction.handle (E:\Code\DiscordBot\node_modules\discord.js\src\client\actions\MessageCreate.js:31:14)
    at Object.module.exports [as MESSAGE_CREATE] (E:\Code\DiscordBot\node_modules\discord.js\src\client\websocket\handlers\MESSAGE_CREATE.js:4:32)
    at WebSocketManager.handlePacket (E:\Code\DiscordBot\node_modules\discord.js\src\client\websocket\WebSocketManager.js:386:31)
    at WebSocketShard.onPacket (E:\Code\DiscordBot\node_modules\discord.js\src\client\websocket\WebSocketShard.js:436:22)
    at WebSocketShard.onMessage (E:\Code\DiscordBot\node_modules\discord.js\src\client\websocket\WebSocketShard.js:293:10)
    at WebSocket.onMessage (E:\Code\DiscordBot\node_modules\ws\lib\event-target.js:120:16)
    at WebSocket.emit (events.js:310:20)
    at Receiver.receiverOnMessage (E:\Code\DiscordBot\node_modules\ws\lib\websocket.js:800:20)
    at Receiver.emit (events.js:310:20)
    at Receiver.dataMessage (E:\Code\DiscordBot\node_modules\ws\lib\receiver.js:436:14)
    at Receiver.getData (E:\Code\DiscordBot\node_modules\ws\lib\receiver.js:366:17)
    at Receiver.startLoop (E:\Code\DiscordBot\node_modules\ws\lib\receiver.js:142:22)
[2020-08-18 15:11:06] [[31merror[39m] TypeError: command.execute is not a function
    at module.exports (E:\Code\DiscordBot\events\message.js:28:11)
    at Client.<anonymous> (E:\Code\DiscordBot\bot.js:23:36)
    at Client.emit (events.js:310:20)
    at MessageCreateAction.handle (E:\Code\DiscordBot\node_modules\discord.js\src\client\actions\MessageCreate.js:31:14)
    at Object.module.exports [as MESSAGE_CREATE] (E:\Code\DiscordBot\node_modules\discord.js\src\client\websocket\handlers\MESSAGE_CREATE.js:4:32)
    at WebSocketManager.handlePacket (E:\Code\DiscordBot\node_modules\discord.js\src\client\websocket\WebSocketManager.js:386:31)
    at WebSocketShard.onPacket (E:\Code\DiscordBot\node_modules\discord.js\src\client\websocket\WebSocketShard.js:436:22)
    at WebSocketShard.onMessage (E:\Code\DiscordBot\node_modules\discord.js\src\client\websocket\WebSocketShard.js:293:10)
    at WebSocket.onMessage (E:\Code\DiscordBot\node_modules\ws\lib\event-target.js:120:16)
    at WebSocket.emit (events.js:310:20)
    at Receiver.receiverOnMessage (E:\Code\DiscordBot\node_modules\ws\lib\websocket.js:800:20)
    at Receiver.emit (events.js:310:20)
    at Receiver.dataMessage (E:\Code\DiscordBot\node_modules\ws\lib\receiver.js:436:14)
    at Receiver.getData (E:\Code\DiscordBot\node_modules\ws\lib\receiver.js:366:17)
    at Receiver.startLoop (E:\Code\DiscordBot\node_modules\ws\lib\receiver.js:142:22)
    at Receiver._write (E:\Code\DiscordBot\node_modules\ws\lib\receiver.js:77:10)
[2020-08-18 15:43:28] [[31merror[39m] RangeError [EMBED_FIELD_VALUE]: MessageEmbed field values may not be empty.
    at Function.normalizeField (E:\Code\DiscordBot\node_modules\discord.js\src\structures\MessageEmbed.js:425:23)
    at E:\Code\DiscordBot\node_modules\discord.js\src\structures\MessageEmbed.js:445:14
    at Array.map (<anonymous>)
    at Function.normalizeFields (E:\Code\DiscordBot\node_modules\discord.js\src\structures\MessageEmbed.js:444:8)
    at MessageEmbed.addFields (E:\Code\DiscordBot\node_modules\discord.js\src\structures\MessageEmbed.js:259:42)
    at Object.execute (E:\Code\DiscordBot\commands\General\help.js:49:6)
    at module.exports (E:\Code\DiscordBot\events\message.js:35:11)
    at Client.<anonymous> (E:\Code\DiscordBot\bot.js:23:36)
    at Client.emit (events.js:310:20)
    at MessageCreateAction.handle (E:\Code\DiscordBot\node_modules\discord.js\src\client\actions\MessageCreate.js:31:14)
    at Object.module.exports [as MESSAGE_CREATE] (E:\Code\DiscordBot\node_modules\discord.js\src\client\websocket\handlers\MESSAGE_CREATE.js:4:32)
    at WebSocketManager.handlePacket (E:\Code\DiscordBot\node_modules\discord.js\src\client\websocket\WebSocketManager.js:386:31)
    at WebSocketShard.onPacket (E:\Code\DiscordBot\node_modules\discord.js\src\client\websocket\WebSocketShard.js:436:22)
    at WebSocketShard.onMessage (E:\Code\DiscordBot\node_modules\discord.js\src\client\websocket\WebSocketShard.js:293:10)
    at WebSocket.onMessage (E:\Code\DiscordBot\node_modules\ws\lib\event-target.js:120:16)
    at WebSocket.emit (events.js:310:20)
[2020-08-18 15:45:14] [[31merror[39m] RangeError [EMBED_FIELD_VALUE]: MessageEmbed field values may not be empty.
    at Function.normalizeField (E:\Code\DiscordBot\node_modules\discord.js\src\structures\MessageEmbed.js:425:23)
    at E:\Code\DiscordBot\node_modules\discord.js\src\structures\MessageEmbed.js:445:14
    at Array.map (<anonymous>)
    at Function.normalizeFields (E:\Code\DiscordBot\node_modules\discord.js\src\structures\MessageEmbed.js:444:8)
    at MessageEmbed.addFields (E:\Code\DiscordBot\node_modules\discord.js\src\structures\MessageEmbed.js:259:42)
    at Object.execute (E:\Code\DiscordBot\commands\General\help.js:49:6)
    at module.exports (E:\Code\DiscordBot\events\message.js:35:11)
    at Client.<anonymous> (E:\Code\DiscordBot\bot.js:23:36)
    at Client.emit (events.js:310:20)
    at MessageCreateAction.handle (E:\Code\DiscordBot\node_modules\discord.js\src\client\actions\MessageCreate.js:31:14)
    at Object.module.exports [as MESSAGE_CREATE] (E:\Code\DiscordBot\node_modules\discord.js\src\client\websocket\handlers\MESSAGE_CREATE.js:4:32)
    at WebSocketManager.handlePacket (E:\Code\DiscordBot\node_modules\discord.js\src\client\websocket\WebSocketManager.js:386:31)
    at WebSocketShard.onPacket (E:\Code\DiscordBot\node_modules\discord.js\src\client\websocket\WebSocketShard.js:436:22)
    at WebSocketShard.onMessage (E:\Code\DiscordBot\node_modules\discord.js\src\client\websocket\WebSocketShard.js:293:10)
    at WebSocket.onMessage (E:\Code\DiscordBot\node_modules\ws\lib\event-target.js:120:16)
    at WebSocket.emit (events.js:310:20)
[2020-08-18 15:48:00] [[31merror[39m] RangeError [EMBED_FIELD_VALUE]: MessageEmbed field values may not be empty.
    at Function.normalizeField (E:\Code\DiscordBot\node_modules\discord.js\src\structures\MessageEmbed.js:425:23)
    at E:\Code\DiscordBot\node_modules\discord.js\src\structures\MessageEmbed.js:445:14
    at Array.map (<anonymous>)
    at Function.normalizeFields (E:\Code\DiscordBot\node_modules\discord.js\src\structures\MessageEmbed.js:444:8)
    at MessageEmbed.addFields (E:\Code\DiscordBot\node_modules\discord.js\src\structures\MessageEmbed.js:259:42)
    at MessageEmbed.addField (E:\Code\DiscordBot\node_modules\discord.js\src\structures\MessageEmbed.js:250:17)
    at Object.execute (E:\Code\DiscordBot\commands\General\help.js:55:15)
    at module.exports (E:\Code\DiscordBot\events\message.js:35:11)
    at Client.<anonymous> (E:\Code\DiscordBot\bot.js:23:36)
    at Client.emit (events.js:310:20)
    at MessageCreateAction.handle (E:\Code\DiscordBot\node_modules\discord.js\src\client\actions\MessageCreate.js:31:14)
    at Object.module.exports [as MESSAGE_CREATE] (E:\Code\DiscordBot\node_modules\discord.js\src\client\websocket\handlers\MESSAGE_CREATE.js:4:32)
    at WebSocketManager.handlePacket (E:\Code\DiscordBot\node_modules\discord.js\src\client\websocket\WebSocketManager.js:386:31)
    at WebSocketShard.onPacket (E:\Code\DiscordBot\node_modules\discord.js\src\client\websocket\WebSocketShard.js:436:22)
    at WebSocketShard.onMessage (E:\Code\DiscordBot\node_modules\discord.js\src\client\websocket\WebSocketShard.js:293:10)
    at WebSocket.onMessage (E:\Code\DiscordBot\node_modules\ws\lib\event-target.js:120:16)
[2020-08-18 15:51:08] [[31merror[39m] RangeError [EMBED_FIELD_VALUE]: MessageEmbed field values may not be empty.
    at Function.normalizeField (E:\Code\DiscordBot\node_modules\discord.js\src\structures\MessageEmbed.js:425:23)
    at E:\Code\DiscordBot\node_modules\discord.js\src\structures\MessageEmbed.js:445:14
    at Array.map (<anonymous>)
    at Function.normalizeFields (E:\Code\DiscordBot\node_modules\discord.js\src\structures\MessageEmbed.js:444:8)
    at MessageEmbed.addFields (E:\Code\DiscordBot\node_modules\discord.js\src\structures\MessageEmbed.js:259:42)
    at MessageEmbed.addField (E:\Code\DiscordBot\node_modules\discord.js\src\structures\MessageEmbed.js:250:17)
    at Object.execute (E:\Code\DiscordBot\commands\General\help.js:53:15)
    at module.exports (E:\Code\DiscordBot\events\message.js:35:11)
    at Client.<anonymous> (E:\Code\DiscordBot\bot.js:23:36)
    at Client.emit (events.js:310:20)
    at MessageCreateAction.handle (E:\Code\DiscordBot\node_modules\discord.js\src\client\actions\MessageCreate.js:31:14)
    at Object.module.exports [as MESSAGE_CREATE] (E:\Code\DiscordBot\node_modules\discord.js\src\client\websocket\handlers\MESSAGE_CREATE.js:4:32)
    at WebSocketManager.handlePacket (E:\Code\DiscordBot\node_modules\discord.js\src\client\websocket\WebSocketManager.js:386:31)
    at WebSocketShard.onPacket (E:\Code\DiscordBot\node_modules\discord.js\src\client\websocket\WebSocketShard.js:436:22)
    at WebSocketShard.onMessage (E:\Code\DiscordBot\node_modules\discord.js\src\client\websocket\WebSocketShard.js:293:10)
    at WebSocket.onMessage (E:\Code\DiscordBot\node_modules\ws\lib\event-target.js:120:16)
[2020-08-20 16:10:04] [[31merror[39m] TypeError: Image or Canvas expected
    at Object.execute (E:\Code\DiscordBot\commands\Others\avatar.js:21:7)
    at module.exports (E:\Code\DiscordBot\events\message.js:34:11)
    at Client.<anonymous> (E:\Code\DiscordBot\bot.js:23:36)
    at Client.emit (events.js:310:20)
    at MessageCreateAction.handle (E:\Code\DiscordBot\node_modules\discord.js\src\client\actions\MessageCreate.js:31:14)
    at Object.module.exports [as MESSAGE_CREATE] (E:\Code\DiscordBot\node_modules\discord.js\src\client\websocket\handlers\MESSAGE_CREATE.js:4:32)
    at WebSocketManager.handlePacket (E:\Code\DiscordBot\node_modules\discord.js\src\client\websocket\WebSocketManager.js:386:31)
    at WebSocketShard.onPacket (E:\Code\DiscordBot\node_modules\discord.js\src\client\websocket\WebSocketShard.js:436:22)
    at WebSocketShard.onMessage (E:\Code\DiscordBot\node_modules\discord.js\src\client\websocket\WebSocketShard.js:293:10)
    at WebSocket.onMessage (E:\Code\DiscordBot\node_modules\ws\lib\event-target.js:120:16)
    at WebSocket.emit (events.js:310:20)
    at Receiver.receiverOnMessage (E:\Code\DiscordBot\node_modules\ws\lib\websocket.js:800:20)
    at Receiver.emit (events.js:310:20)
    at Receiver.dataMessage (E:\Code\DiscordBot\node_modules\ws\lib\receiver.js:436:14)
    at Receiver.getData (E:\Code\DiscordBot\node_modules\ws\lib\receiver.js:366:17)
    at Receiver.startLoop (E:\Code\DiscordBot\node_modules\ws\lib\receiver.js:142:22)
[2020-08-20 16:10:44] [[31merror[39m] TypeError: Image or Canvas expected
    at Object.execute (E:\Code\DiscordBot\commands\Others\avatar.js:22:7)
    at module.exports (E:\Code\DiscordBot\events\message.js:34:11)
    at Client.<anonymous> (E:\Code\DiscordBot\bot.js:23:36)
    at Client.emit (events.js:310:20)
    at MessageCreateAction.handle (E:\Code\DiscordBot\node_modules\discord.js\src\client\actions\MessageCreate.js:31:14)
    at Object.module.exports [as MESSAGE_CREATE] (E:\Code\DiscordBot\node_modules\discord.js\src\client\websocket\handlers\MESSAGE_CREATE.js:4:32)
    at WebSocketManager.handlePacket (E:\Code\DiscordBot\node_modules\discord.js\src\client\websocket\WebSocketManager.js:386:31)
    at WebSocketShard.onPacket (E:\Code\DiscordBot\node_modules\discord.js\src\client\websocket\WebSocketShard.js:436:22)
    at WebSocketShard.onMessage (E:\Code\DiscordBot\node_modules\discord.js\src\client\websocket\WebSocketShard.js:293:10)
    at WebSocket.onMessage (E:\Code\DiscordBot\node_modules\ws\lib\event-target.js:120:16)
    at WebSocket.emit (events.js:310:20)
    at Receiver.receiverOnMessage (E:\Code\DiscordBot\node_modules\ws\lib\websocket.js:800:20)
    at Receiver.emit (events.js:310:20)
    at Receiver.dataMessage (E:\Code\DiscordBot\node_modules\ws\lib\receiver.js:436:14)
    at Receiver.getData (E:\Code\DiscordBot\node_modules\ws\lib\receiver.js:366:17)
    at Receiver.startLoop (E:\Code\DiscordBot\node_modules\ws\lib\receiver.js:142:22)
[2020-08-20 16:13:04] [[31merror[39m] TypeError: Image or Canvas expected
    at Object.execute (E:\Code\DiscordBot\commands\Others\avatar.js:23:7)
    at module.exports (E:\Code\DiscordBot\events\message.js:34:11)
    at Client.<anonymous> (E:\Code\DiscordBot\bot.js:23:36)
    at Client.emit (events.js:310:20)
    at MessageCreateAction.handle (E:\Code\DiscordBot\node_modules\discord.js\src\client\actions\MessageCreate.js:31:14)
    at Object.module.exports [as MESSAGE_CREATE] (E:\Code\DiscordBot\node_modules\discord.js\src\client\websocket\handlers\MESSAGE_CREATE.js:4:32)
    at WebSocketManager.handlePacket (E:\Code\DiscordBot\node_modules\discord.js\src\client\websocket\WebSocketManager.js:386:31)
    at WebSocketShard.onPacket (E:\Code\DiscordBot\node_modules\discord.js\src\client\websocket\WebSocketShard.js:436:22)
    at WebSocketShard.onMessage (E:\Code\DiscordBot\node_modules\discord.js\src\client\websocket\WebSocketShard.js:293:10)
    at WebSocket.onMessage (E:\Code\DiscordBot\node_modules\ws\lib\event-target.js:120:16)
    at WebSocket.emit (events.js:310:20)
    at Receiver.receiverOnMessage (E:\Code\DiscordBot\node_modules\ws\lib\websocket.js:800:20)
    at Receiver.emit (events.js:310:20)
    at Receiver.dataMessage (E:\Code\DiscordBot\node_modules\ws\lib\receiver.js:436:14)
    at Receiver.getData (E:\Code\DiscordBot\node_modules\ws\lib\receiver.js:366:17)
    at Receiver.startLoop (E:\Code\DiscordBot\node_modules\ws\lib\receiver.js:142:22)
[2020-08-20 20:59:38] [[31merror[39m] TypeError: Cannot read property 'displayAvatarURL' of undefined
    at Object.execute (E:\Code\DiscordBot\commands\Others\avatar.js:26:28)
    at module.exports (E:\Code\DiscordBot\events\message.js:34:11)
    at Client.<anonymous> (E:\Code\DiscordBot\bot.js:23:36)
    at Client.emit (events.js:310:20)
    at MessageCreateAction.handle (E:\Code\DiscordBot\node_modules\discord.js\src\client\actions\MessageCreate.js:31:14)
    at Object.module.exports [as MESSAGE_CREATE] (E:\Code\DiscordBot\node_modules\discord.js\src\client\websocket\handlers\MESSAGE_CREATE.js:4:32)
    at WebSocketManager.handlePacket (E:\Code\DiscordBot\node_modules\discord.js\src\client\websocket\WebSocketManager.js:386:31)
    at WebSocketShard.onPacket (E:\Code\DiscordBot\node_modules\discord.js\src\client\websocket\WebSocketShard.js:436:22)
    at WebSocketShard.onMessage (E:\Code\DiscordBot\node_modules\discord.js\src\client\websocket\WebSocketShard.js:293:10)
    at WebSocket.onMessage (E:\Code\DiscordBot\node_modules\ws\lib\event-target.js:120:16)
    at WebSocket.emit (events.js:310:20)
    at Receiver.receiverOnMessage (E:\Code\DiscordBot\node_modules\ws\lib\websocket.js:800:20)
    at Receiver.emit (events.js:310:20)
    at Receiver.dataMessage (E:\Code\DiscordBot\node_modules\ws\lib\receiver.js:436:14)
    at Receiver.getData (E:\Code\DiscordBot\node_modules\ws\lib\receiver.js:366:17)
    at Receiver.startLoop (E:\Code\DiscordBot\node_modules\ws\lib\receiver.js:142:22)
[2020-08-20 21:00:12] [[31merror[39m] TypeError: Cannot read property 'displayAvatarURL' of undefined
    at Object.execute (E:\Code\DiscordBot\commands\Others\avatar.js:26:28)
    at module.exports (E:\Code\DiscordBot\events\message.js:34:11)
    at Client.<anonymous> (E:\Code\DiscordBot\bot.js:23:36)
    at Client.emit (events.js:310:20)
    at MessageCreateAction.handle (E:\Code\DiscordBot\node_modules\discord.js\src\client\actions\MessageCreate.js:31:14)
    at Object.module.exports [as MESSAGE_CREATE] (E:\Code\DiscordBot\node_modules\discord.js\src\client\websocket\handlers\MESSAGE_CREATE.js:4:32)
    at WebSocketManager.handlePacket (E:\Code\DiscordBot\node_modules\discord.js\src\client\websocket\WebSocketManager.js:386:31)
    at WebSocketShard.onPacket (E:\Code\DiscordBot\node_modules\discord.js\src\client\websocket\WebSocketShard.js:436:22)
    at WebSocketShard.onMessage (E:\Code\DiscordBot\node_modules\discord.js\src\client\websocket\WebSocketShard.js:293:10)
    at WebSocket.onMessage (E:\Code\DiscordBot\node_modules\ws\lib\event-target.js:120:16)
    at WebSocket.emit (events.js:310:20)
    at Receiver.receiverOnMessage (E:\Code\DiscordBot\node_modules\ws\lib\websocket.js:800:20)
    at Receiver.emit (events.js:310:20)
    at Receiver.dataMessage (E:\Code\DiscordBot\node_modules\ws\lib\receiver.js:436:14)
    at Receiver.getData (E:\Code\DiscordBot\node_modules\ws\lib\receiver.js:366:17)
    at Receiver.startLoop (E:\Code\DiscordBot\node_modules\ws\lib\receiver.js:142:22)
[2020-08-20 21:00:44] [[31merror[39m] TypeError: Cannot read property 'first' of undefined
    at Object.execute (E:\Code\DiscordBot\commands\Others\avatar.js:25:28)
    at module.exports (E:\Code\DiscordBot\events\message.js:34:11)
    at Client.<anonymous> (E:\Code\DiscordBot\bot.js:23:36)
    at Client.emit (events.js:310:20)
    at MessageCreateAction.handle (E:\Code\DiscordBot\node_modules\discord.js\src\client\actions\MessageCreate.js:31:14)
    at Object.module.exports [as MESSAGE_CREATE] (E:\Code\DiscordBot\node_modules\discord.js\src\client\websocket\handlers\MESSAGE_CREATE.js:4:32)
    at WebSocketManager.handlePacket (E:\Code\DiscordBot\node_modules\discord.js\src\client\websocket\WebSocketManager.js:386:31)
    at WebSocketShard.onPacket (E:\Code\DiscordBot\node_modules\discord.js\src\client\websocket\WebSocketShard.js:436:22)
    at WebSocketShard.onMessage (E:\Code\DiscordBot\node_modules\discord.js\src\client\websocket\WebSocketShard.js:293:10)
    at WebSocket.onMessage (E:\Code\DiscordBot\node_modules\ws\lib\event-target.js:120:16)
    at WebSocket.emit (events.js:310:20)
    at Receiver.receiverOnMessage (E:\Code\DiscordBot\node_modules\ws\lib\websocket.js:800:20)
    at Receiver.emit (events.js:310:20)
    at Receiver.dataMessage (E:\Code\DiscordBot\node_modules\ws\lib\receiver.js:436:14)
    at Receiver.getData (E:\Code\DiscordBot\node_modules\ws\lib\receiver.js:366:17)
    at Receiver.startLoop (E:\Code\DiscordBot\node_modules\ws\lib\receiver.js:142:22)
[2020-08-20 21:02:44] [[31merror[39m] TypeError: message.mentions.members.first(...).displayAvatarURL is not a function
    at Object.execute (E:\Code\DiscordBot\commands\Others\avatar.js:25:39)
    at module.exports (E:\Code\DiscordBot\events\message.js:34:11)
    at Client.<anonymous> (E:\Code\DiscordBot\bot.js:23:36)
    at Client.emit (events.js:310:20)
    at MessageCreateAction.handle (E:\Code\DiscordBot\node_modules\discord.js\src\client\actions\MessageCreate.js:31:14)
    at Object.module.exports [as MESSAGE_CREATE] (E:\Code\DiscordBot\node_modules\discord.js\src\client\websocket\handlers\MESSAGE_CREATE.js:4:32)
    at WebSocketManager.handlePacket (E:\Code\DiscordBot\node_modules\discord.js\src\client\websocket\WebSocketManager.js:386:31)
    at WebSocketShard.onPacket (E:\Code\DiscordBot\node_modules\discord.js\src\client\websocket\WebSocketShard.js:436:22)
    at WebSocketShard.onMessage (E:\Code\DiscordBot\node_modules\discord.js\src\client\websocket\WebSocketShard.js:293:10)
    at WebSocket.onMessage (E:\Code\DiscordBot\node_modules\ws\lib\event-target.js:120:16)
    at WebSocket.emit (events.js:310:20)
    at Receiver.receiverOnMessage (E:\Code\DiscordBot\node_modules\ws\lib\websocket.js:800:20)
    at Receiver.emit (events.js:310:20)
    at Receiver.dataMessage (E:\Code\DiscordBot\node_modules\ws\lib\receiver.js:436:14)
    at Receiver.getData (E:\Code\DiscordBot\node_modules\ws\lib\receiver.js:366:17)
    at Receiver.startLoop (E:\Code\DiscordBot\node_modules\ws\lib\receiver.js:142:22)
[2020-08-20 23:07:12] [[31merror[39m] TypeError: command.execute is not a function
    at module.exports (E:\Code\DiscordBot\events\message.js:34:11)
    at Client.<anonymous> (E:\Code\DiscordBot\bot.js:23:36)
    at Client.emit (events.js:310:20)
    at MessageCreateAction.handle (E:\Code\DiscordBot\node_modules\discord.js\src\client\actions\MessageCreate.js:31:14)
    at Object.module.exports [as MESSAGE_CREATE] (E:\Code\DiscordBot\node_modules\discord.js\src\client\websocket\handlers\MESSAGE_CREATE.js:4:32)
    at WebSocketManager.handlePacket (E:\Code\DiscordBot\node_modules\discord.js\src\client\websocket\WebSocketManager.js:386:31)
    at WebSocketShard.onPacket (E:\Code\DiscordBot\node_modules\discord.js\src\client\websocket\WebSocketShard.js:436:22)
    at WebSocketShard.onMessage (E:\Code\DiscordBot\node_modules\discord.js\src\client\websocket\WebSocketShard.js:293:10)
    at WebSocket.onMessage (E:\Code\DiscordBot\node_modules\ws\lib\event-target.js:120:16)
    at WebSocket.emit (events.js:310:20)
    at Receiver.receiverOnMessage (E:\Code\DiscordBot\node_modules\ws\lib\websocket.js:800:20)
    at Receiver.emit (events.js:310:20)
    at Receiver.dataMessage (E:\Code\DiscordBot\node_modules\ws\lib\receiver.js:436:14)
    at Receiver.getData (E:\Code\DiscordBot\node_modules\ws\lib\receiver.js:366:17)
    at Receiver.startLoop (E:\Code\DiscordBot\node_modules\ws\lib\receiver.js:142:22)
    at Receiver._write (E:\Code\DiscordBot\node_modules\ws\lib\receiver.js:77:10)
[2020-08-20 23:15:16] [[31merror[39m] TypeError: poll.react is not a function
    at Object.execute (E:\Code\DiscordBot\commands\General\vote.js:32:8)
    at module.exports (E:\Code\DiscordBot\events\message.js:34:11)
    at Client.<anonymous> (E:\Code\DiscordBot\bot.js:23:36)
    at Client.emit (events.js:310:20)
    at MessageCreateAction.handle (E:\Code\DiscordBot\node_modules\discord.js\src\client\actions\MessageCreate.js:31:14)
    at Object.module.exports [as MESSAGE_CREATE] (E:\Code\DiscordBot\node_modules\discord.js\src\client\websocket\handlers\MESSAGE_CREATE.js:4:32)
    at WebSocketManager.handlePacket (E:\Code\DiscordBot\node_modules\discord.js\src\client\websocket\WebSocketManager.js:386:31)
    at WebSocketShard.onPacket (E:\Code\DiscordBot\node_modules\discord.js\src\client\websocket\WebSocketShard.js:436:22)
    at WebSocketShard.onMessage (E:\Code\DiscordBot\node_modules\discord.js\src\client\websocket\WebSocketShard.js:293:10)
    at WebSocket.onMessage (E:\Code\DiscordBot\node_modules\ws\lib\event-target.js:120:16)
    at WebSocket.emit (events.js:310:20)
    at Receiver.receiverOnMessage (E:\Code\DiscordBot\node_modules\ws\lib\websocket.js:800:20)
    at Receiver.emit (events.js:310:20)
    at Receiver.dataMessage (E:\Code\DiscordBot\node_modules\ws\lib\receiver.js:436:14)
    at Receiver.getData (E:\Code\DiscordBot\node_modules\ws\lib\receiver.js:366:17)
    at Receiver.startLoop (E:\Code\DiscordBot\node_modules\ws\lib\receiver.js:142:22)
[2020-08-20 23:17:05] [[31merror[39m] TypeError: poll.react is not a function
    at Object.execute (E:\Code\DiscordBot\commands\General\vote.js:32:8)
    at module.exports (E:\Code\DiscordBot\events\message.js:34:11)
    at Client.<anonymous> (E:\Code\DiscordBot\bot.js:23:36)
    at Client.emit (events.js:310:20)
    at MessageCreateAction.handle (E:\Code\DiscordBot\node_modules\discord.js\src\client\actions\MessageCreate.js:31:14)
    at Object.module.exports [as MESSAGE_CREATE] (E:\Code\DiscordBot\node_modules\discord.js\src\client\websocket\handlers\MESSAGE_CREATE.js:4:32)
    at WebSocketManager.handlePacket (E:\Code\DiscordBot\node_modules\discord.js\src\client\websocket\WebSocketManager.js:386:31)
    at WebSocketShard.onPacket (E:\Code\DiscordBot\node_modules\discord.js\src\client\websocket\WebSocketShard.js:436:22)
    at WebSocketShard.onMessage (E:\Code\DiscordBot\node_modules\discord.js\src\client\websocket\WebSocketShard.js:293:10)
    at WebSocket.onMessage (E:\Code\DiscordBot\node_modules\ws\lib\event-target.js:120:16)
    at WebSocket.emit (events.js:310:20)
    at Receiver.receiverOnMessage (E:\Code\DiscordBot\node_modules\ws\lib\websocket.js:800:20)
    at Receiver.emit (events.js:310:20)
    at Receiver.dataMessage (E:\Code\DiscordBot\node_modules\ws\lib\receiver.js:436:14)
    at Receiver.getData (E:\Code\DiscordBot\node_modules\ws\lib\receiver.js:366:17)
    at Receiver.startLoop (E:\Code\DiscordBot\node_modules\ws\lib\receiver.js:142:22)
[2020-08-20 23:20:01] [[31merror[39m] TypeError: member.displayAvatarURL is not a function
    at Object.execute (E:\Code\DiscordBot\commands\Others\avatar.js:18:28)
    at module.exports (E:\Code\DiscordBot\events\message.js:34:11)
    at Client.<anonymous> (E:\Code\DiscordBot\bot.js:23:36)
    at Client.emit (events.js:310:20)
    at MessageCreateAction.handle (E:\Code\DiscordBot\node_modules\discord.js\src\client\actions\MessageCreate.js:31:14)
    at Object.module.exports [as MESSAGE_CREATE] (E:\Code\DiscordBot\node_modules\discord.js\src\client\websocket\handlers\MESSAGE_CREATE.js:4:32)
    at WebSocketManager.handlePacket (E:\Code\DiscordBot\node_modules\discord.js\src\client\websocket\WebSocketManager.js:386:31)
    at WebSocketShard.onPacket (E:\Code\DiscordBot\node_modules\discord.js\src\client\websocket\WebSocketShard.js:436:22)
    at WebSocketShard.onMessage (E:\Code\DiscordBot\node_modules\discord.js\src\client\websocket\WebSocketShard.js:293:10)
    at WebSocket.onMessage (E:\Code\DiscordBot\node_modules\ws\lib\event-target.js:120:16)
    at WebSocket.emit (events.js:310:20)
    at Receiver.receiverOnMessage (E:\Code\DiscordBot\node_modules\ws\lib\websocket.js:800:20)
    at Receiver.emit (events.js:310:20)
    at Receiver.dataMessage (E:\Code\DiscordBot\node_modules\ws\lib\receiver.js:436:14)
    at Receiver.getData (E:\Code\DiscordBot\node_modules\ws\lib\receiver.js:366:17)
    at Receiver.startLoop (E:\Code\DiscordBot\node_modules\ws\lib\receiver.js:142:22)
[2020-08-20 23:20:49] [[31merror[39m] TypeError: member.displayAvatarURL is not a function
    at Object.execute (E:\Code\DiscordBot\commands\Others\avatar.js:19:28)
    at module.exports (E:\Code\DiscordBot\events\message.js:34:11)
    at Client.<anonymous> (E:\Code\DiscordBot\bot.js:23:36)
    at Client.emit (events.js:310:20)
    at MessageCreateAction.handle (E:\Code\DiscordBot\node_modules\discord.js\src\client\actions\MessageCreate.js:31:14)
    at Object.module.exports [as MESSAGE_CREATE] (E:\Code\DiscordBot\node_modules\discord.js\src\client\websocket\handlers\MESSAGE_CREATE.js:4:32)
    at WebSocketManager.handlePacket (E:\Code\DiscordBot\node_modules\discord.js\src\client\websocket\WebSocketManager.js:386:31)
    at WebSocketShard.onPacket (E:\Code\DiscordBot\node_modules\discord.js\src\client\websocket\WebSocketShard.js:436:22)
    at WebSocketShard.onMessage (E:\Code\DiscordBot\node_modules\discord.js\src\client\websocket\WebSocketShard.js:293:10)
    at WebSocket.onMessage (E:\Code\DiscordBot\node_modules\ws\lib\event-target.js:120:16)
    at WebSocket.emit (events.js:310:20)
    at Receiver.receiverOnMessage (E:\Code\DiscordBot\node_modules\ws\lib\websocket.js:800:20)
    at Receiver.emit (events.js:310:20)
    at Receiver.dataMessage (E:\Code\DiscordBot\node_modules\ws\lib\receiver.js:436:14)
    at Receiver.getData (E:\Code\DiscordBot\node_modules\ws\lib\receiver.js:366:17)
    at Receiver.startLoop (E:\Code\DiscordBot\node_modules\ws\lib\receiver.js:142:22)
